{"/home/andrew/code/AndrewHulme88/Test/web-scraper/wiki_scraper.js": {"path":"/home/andrew/code/AndrewHulme88/Test/web-scraper/wiki_scraper.js","statementMap":{"0":{"start":{"line":1,"column":14},"end":{"line":1,"column":30}},"1":{"start":{"line":2,"column":16},"end":{"line":2,"column":34}},"2":{"start":{"line":3,"column":11},"end":{"line":3,"column":33}},"3":{"start":{"line":11,"column":4},"end":{"line":34,"column":5}},"4":{"start":{"line":13,"column":25},"end":{"line":15,"column":10}},"5":{"start":{"line":16,"column":18},"end":{"line":16,"column":45}},"6":{"start":{"line":19,"column":8},"end":{"line":21,"column":29}},"7":{"start":{"line":20,"column":12},"end":{"line":20,"column":36}},"8":{"start":{"line":23,"column":8},"end":{"line":32,"column":9}},"9":{"start":{"line":25,"column":12},"end":{"line":25,"column":87}},"10":{"start":{"line":26,"column":15},"end":{"line":32,"column":9}},"11":{"start":{"line":28,"column":12},"end":{"line":28,"column":66}},"12":{"start":{"line":31,"column":12},"end":{"line":31,"column":74}},"13":{"start":{"line":33,"column":8},"end":{"line":33,"column":20}},"14":{"start":{"line":44,"column":4},"end":{"line":49,"column":5}},"15":{"start":{"line":45,"column":8},"end":{"line":45,"column":54}},"16":{"start":{"line":46,"column":8},"end":{"line":46,"column":65}},"17":{"start":{"line":48,"column":8},"end":{"line":48,"column":55}},"18":{"start":{"line":53,"column":0},"end":{"line":72,"column":1}},"19":{"start":{"line":54,"column":4},"end":{"line":71,"column":9}},"20":{"start":{"line":55,"column":21},"end":{"line":55,"column":42}},"21":{"start":{"line":57,"column":8},"end":{"line":60,"column":9}},"22":{"start":{"line":58,"column":12},"end":{"line":58,"column":83}},"23":{"start":{"line":59,"column":12},"end":{"line":59,"column":35}},"24":{"start":{"line":62,"column":20},"end":{"line":62,"column":27}},"25":{"start":{"line":63,"column":25},"end":{"line":63,"column":59}},"26":{"start":{"line":65,"column":24},"end":{"line":65,"column":56}},"27":{"start":{"line":66,"column":8},"end":{"line":70,"column":9}},"28":{"start":{"line":67,"column":12},"end":{"line":67,"column":48}},"29":{"start":{"line":69,"column":12},"end":{"line":69,"column":63}},"30":{"start":{"line":74,"column":0},"end":{"line":77,"column":2}}},"fnMap":{"0":{"name":"fetchWikipediaContent","decl":{"start":{"line":10,"column":15},"end":{"line":10,"column":36}},"loc":{"start":{"line":10,"column":42},"end":{"line":35,"column":1}},"line":10},"1":{"name":"(anonymous_1)","decl":{"start":{"line":19,"column":51},"end":{"line":19,"column":52}},"loc":{"start":{"line":20,"column":12},"end":{"line":20,"column":36}},"line":20},"2":{"name":"saveToFile","decl":{"start":{"line":43,"column":15},"end":{"line":43,"column":25}},"loc":{"start":{"line":43,"column":45},"end":{"line":50,"column":1}},"line":43},"3":{"name":"(anonymous_3)","decl":{"start":{"line":54,"column":5},"end":{"line":54,"column":6}},"loc":{"start":{"line":54,"column":17},"end":{"line":71,"column":5}},"line":54}},"branchMap":{"0":{"loc":{"start":{"line":23,"column":8},"end":{"line":32,"column":9}},"type":"if","locations":[{"start":{"line":23,"column":8},"end":{"line":32,"column":9}},{"start":{"line":26,"column":15},"end":{"line":32,"column":9}}],"line":23},"1":{"loc":{"start":{"line":26,"column":15},"end":{"line":32,"column":9}},"type":"if","locations":[{"start":{"line":26,"column":15},"end":{"line":32,"column":9}},{"start":{"line":29,"column":15},"end":{"line":32,"column":9}}],"line":26},"2":{"loc":{"start":{"line":53,"column":0},"end":{"line":72,"column":1}},"type":"if","locations":[{"start":{"line":53,"column":0},"end":{"line":72,"column":1}},{"start":{},"end":{}}],"line":53},"3":{"loc":{"start":{"line":57,"column":8},"end":{"line":60,"column":9}},"type":"if","locations":[{"start":{"line":57,"column":8},"end":{"line":60,"column":9}},{"start":{},"end":{}}],"line":57},"4":{"loc":{"start":{"line":63,"column":25},"end":{"line":63,"column":59}},"type":"binary-expr","locations":[{"start":{"line":63,"column":25},"end":{"line":63,"column":32}},{"start":{"line":63,"column":36},"end":{"line":63,"column":59}}],"line":63},"5":{"loc":{"start":{"line":66,"column":8},"end":{"line":70,"column":9}},"type":"if","locations":[{"start":{"line":66,"column":8},"end":{"line":70,"column":9}},{"start":{"line":68,"column":15},"end":{"line":70,"column":9}}],"line":66}},"s":{"0":1,"1":1,"2":1,"3":3,"4":3,"5":1,"6":1,"7":2,"8":2,"9":1,"10":1,"11":0,"12":1,"13":2,"14":0,"15":0,"16":0,"17":0,"18":1,"19":0,"20":0,"21":0,"22":0,"23":0,"24":0,"25":0,"26":0,"27":0,"28":0,"29":0,"30":1},"f":{"0":3,"1":2,"2":0,"3":0},"b":{"0":[1,1],"1":[0,1],"2":[0,1],"3":[0,0],"4":[0,0],"5":[0,0]},"_coverageSchema":"1a1c01bbd47fc00a2c39e90264f33305004495a9","hash":"12f898431fc21373e74d78782648db2a74558f34"}
}
