TN:
SF:wiki_scraper.js
FN:10,fetchWikipediaContent
FN:19,(anonymous_1)
FN:43,saveToFile
FN:54,(anonymous_3)
FNF:4
FNH:2
FNDA:3,fetchWikipediaContent
FNDA:2,(anonymous_1)
FNDA:0,saveToFile
FNDA:0,(anonymous_3)
DA:1,1
DA:2,1
DA:3,1
DA:11,3
DA:13,3
DA:16,1
DA:19,1
DA:20,2
DA:23,2
DA:25,1
DA:26,1
DA:28,0
DA:31,1
DA:33,2
DA:44,0
DA:45,0
DA:46,0
DA:48,0
DA:53,1
DA:54,0
DA:55,0
DA:57,0
DA:58,0
DA:59,0
DA:62,0
DA:63,0
DA:65,0
DA:66,0
DA:67,0
DA:69,0
DA:74,1
LF:31
LH:15
BRDA:23,0,0,1
BRDA:23,0,1,1
BRDA:26,1,0,0
BRDA:26,1,1,1
BRDA:53,2,0,0
BRDA:53,2,1,1
BRDA:57,3,0,0
BRDA:57,3,1,0
BRDA:63,4,0,0
BRDA:63,4,1,0
BRDA:66,5,0,0
BRDA:66,5,1,0
BRF:12
BRH:4
end_of_record
